663756700 444000
1881874440 222000
1880420412 222000
-898915784 222000
1957827812 222000
791977876 30414000
616127612 444000
-575327076 444000
-546824636 444000
-575327100 222000
-575327096 222000
663756484 444000
1971864808 222000
829644816 222000
-635470992 222000
1881924016 222000
-546824544 222000
-546824516 222000
1855557492 222000
2086190500 222000
829815764 444000
610275004 222000
-545978988 222000
2070360452 222000
-632002372 222000
829469596 222000
829801348 444000
-635488024 666000
1957883808 222000
737319116 222000
-631979768 222000
737319044 222000
1855614236 222000
2070360308 222000
2070360304 222000
1855612160 222000
1855507716 222000
-1210805140 222000
-546095976 222000
-1268328556 222000
-1932691256 222000
1855500948 222000
1728285452 222000
1855826672 222000
611082268 222000
829762828 222000
822554004 222000
1855455756 222000
1879125144 444000
-546118752 222000
1855541872 222000
2088177820 222000
829881736 222000
-546794904 666000
1855540120 666000
1855513524 222000
1728285248 222000
-565005516 444000
822553732 222000
2088094192 222000
1881892280 444000
1971852168 222000
1881894432 222000
1728284952 222000
1786569764 222000
611089096 222000
974185664 222000
2088170144 222000
829812620 444000
1728284684 222000
1971853984 222000
1728284728 222000
1785480528 222000
1971854028 222000
1728284744 222000
-1268702460 222000
1728284772 666000
1728284784 222000
826889776 444000
829802232 222000
1971853840 222000
1971853844 222000
1881872268 222000
1971853880 444000
-545976124 222000
1855490348 222000
829941452 222000
1971853892 222000
1971853928 444000
736113672 222000
