1793114865 222000
616068329 222000
1710742949 222000
-546000927 444000
1881872565 666000
611075289 444000
611059061 222000
-575327083 444000
-575327087 444000
-546150823 222000
-575327099 444000
-546824671 222000
663756505 666000
663756485 222000
-546824643 444000
1856423693 222000
1881893349 222000
-546824519 222000
-898919491 222000
1881889329 222000
1855519917 222000
611067433 222000
-545999575 222000
-586741911 222000
2047799393 222000
829678553 222000
-545995319 222000
1881871081 222000
-1420211831 222000
1957824081 222000
829600665 222000
793488829 20868000
737319165 666000
-546073491 222000
829602393 222000
170316141 27084000
1855585737 222000
2070360245 222000
829876865 222000
611014729 222000
1728285493 222000
1881922677 222000
1855597085 222000
-546034771 222000
1855472241 444000
616022081 222000
-546008459 444000
1856469917 222000
1728285253 222000
829932785 222000
1881886133 222000
2088063445 222000
829424817 444000
1881910753 222000
2088130965 222000
2073294453 222000
-546176359 222000
1786570641 444000
1975455821 222000
828028749 222000
1881882125 222000
1786522833 222000
2088135365 222000
-546772579 222000
1971853961 222000
611087205 222000
-546041747 222000
1971854009 444000
1971854013 222000
1728284737 222000
-546037699 444000
1971854017 222000
1971854021 222000
1927982489 666000
-635490967 222000
829853433 222000
1971853865 666000
736113697 444000
-1215377339 222000
1971853913 222000
611079097 444000
1855471993 222000
-552877831 222000
