-631764398 222000
663756702 222000
829942114 222000
663756726 222000
30153206 222000
611083426 222000
829815174 222000
1700478026 1332000
-898919566 444000
2017907034 222000
737319634 222000
1728126506 222000
-546824614 222000
-575327098 222000
-546824662 222000
-546824658 222000
827807774 222000
-545944058 444000
-546095366 222000
-635483246 222000
1007525278 444000
-546824530 222000
1881897578 222000
2088134194 444000
611120682 222000
829600574 222000
2088064534 222000
2017944274 222000
737319274 222000
1881885362 222000
1855599622 222000
1881873030 222000
737319234 444000
2070360482 222000
-1265266790 222000
1957883810 222000
2088210270 222000
2053122382 444000
1957883790 666000
170316142 46398000
2070360290 222000
2070360274 222000
2070360282 222000
2026746650 222000
737318918 666000
1855640214 222000
1927427778 222000
1728285494 222000
1708042638 222000
-546794738 222000
2071097094 222000
829865458 222000
829881814 222000
-1949319410 222000
611084426 222000
611084442 444000
-545938870 222000
1855511498 222000
2088163826 222000
-546039070 222000
-546772286 222000
1855771446 444000
1728285362 222000
1855490862 222000
2017908118 222000
829865134 444000
1881916878 222000
1879297546 222000
1728284950 444000
1728284954 222000
1728284958 444000
1728284962 222000
611080790 888000
829880290 222000
-546795010 444000
1971852050 1110000
-545979926 222000
1855459414 222000
611064506 444000
1881898742 222000
829460086 222000
1971853954 222000
-546037658 222000
-1932698710 444000
1728284782 222000
1881868102 444000
1855791410 222000
1972535898 222000
1971853890 222000
