1880375303 222000
737319863 222000
663756759 222000
1974586851 222000
663756747 222000
-545978581 222000
1855501887 666000
2017726607 222000
1007543563 222000
-546824625 444000
-575327073 444000
1855496119 222000
737319619 222000
663756459 444000
2017909051 222000
2017903099 222000
-546824565 222000
611067279 222000
829881159 222000
-545985217 888000
-586741917 222000
1881891399 444000
1972477923 222000
-565037877 222000
737319279 222000
737319263 444000
-546009669 222000
2088079011 222000
1969196967 222000
1855518127 222000
1855817123 222000
829844027 444000
-1265266917 222000
822553935 222000
611061791 222000
1957828655 222000
829810115 222000
-545950769 222000
2086199455 666000
2086172819 222000
2088163475 222000
2045459731 1332028
1728285239 222000
2088212803 222000
-565005549 222000
1728285263 222000
2088147227 666000
611166695 222000
-565036085 222000
829811951 444000
-546073917 222000
-545991993 222000
-546080125 222000
1728284931 222000
1881892411 222000
-898919353 222000
-1932698885 222000
-546795253 222000
1728285043 222000
829849575 222000
1855580175 222000
-546002449 222000
-546772533 222000
-545973793 222000
829872043 222000
616360519 222000
1728284695 222000
1971854015 222000
1728284735 222000
1728284739 222000
1971854023 222000
1728284759 222000
1728284763 222000
1971854039 222000
-591182941 222000
1971854059 222000
1728284791 222000
1971853839 444000
2017904611 222000
829900495 222000
